Using pre-set license
Built from '2020.3/staging' branch; Version is '2020.3.18f1 (a7d1c678663c) revision 10998214'; Using compiler version '192528614'; Build Type 'Release'
OS: 'Windows 10 Pro; OS build 19041.329; Version 2004; 64bit' Language: 'en' Physical Memory: 16242 MB
BatchMode: 1, IsHumanControllingUs: 0, StartBugReporterOnCrash: 0, Is64bit: 1, IsPro: 0

COMMAND LINE ARGUMENTS:
C:\Program Files\Unity\Hub\Editor\2020.3.18f1\Editor\Unity.exe
-adb2
-batchMode
-noUpm
-name
AssetImportWorker0
-projectPath
C:/Users/24keslj/OneDrive - Elida Local School District/Game Design/Kesler_manhole_repo2
-logFile
Logs/AssetImportWorker0.log
-srvPort
56787
Successfully changed project path to: C:/Users/24keslj/OneDrive - Elida Local School District/Game Design/Kesler_manhole_repo2
C:/Users/24keslj/OneDrive - Elida Local School District/Game Design/Kesler_manhole_repo2
Using Asset Import Pipeline V2.
Refreshing native plugins compatible for Editor in 26.78 ms, found 2 plugins.
Preloading 0 native plugins for Editor in 0.00 ms.
Initialize engine version: 2020.3.18f1 (a7d1c678663c)
[Subsystems] Discovering subsystems at path C:/Program Files/Unity/Hub/Editor/2020.3.18f1/Editor/Data/Resources/UnitySubsystems
[Subsystems] Discovering subsystems at path C:/Users/24keslj/OneDrive - Elida Local School District/Game Design/Kesler_manhole_repo2/Assets
GfxDevice: creating device client; threaded=0
Direct3D:
    Version:  Direct3D 11.0 [level 11.1]
    Renderer: NVIDIA GeForce GTX 1050 Ti (ID=0x1c82)
    Vendor:   
    VRAM:     4018 MB
    Driver:   27.21.14.6192
Initialize mono
Mono path[0] = 'C:/Program Files/Unity/Hub/Editor/2020.3.18f1/Editor/Data/Managed'
Mono path[1] = 'C:/Program Files/Unity/Hub/Editor/2020.3.18f1/Editor/Data/MonoBleedingEdge/lib/mono/unityjit'
Mono config path = 'C:/Program Files/Unity/Hub/Editor/2020.3.18f1/Editor/Data/MonoBleedingEdge/etc'
Using monoOptions --debugger-agent=transport=dt_socket,embedding=1,server=y,suspend=n,address=127.0.0.1:56016
Begin MonoManager ReloadAssembly
Registering precompiled unity dll's ...
Register platform support module: C:/Program Files/Unity/Hub/Editor/2020.3.18f1/Editor/Data/PlaybackEngines/WindowsStandaloneSupport/UnityEditor.WindowsStandalone.Extensions.dll
Registered in 0.001817 seconds.
Native extension for WindowsStandalone target not found
Refreshing native plugins compatible for Editor in 24.74 ms, found 2 plugins.
Preloading 0 native plugins for Editor in 0.00 ms.
Mono: successfully reloaded assembly
- Completed reload, in  1.020 seconds
Domain Reload Profiling:
	ReloadAssembly (1020ms)
		BeginReloadAssembly (49ms)
			ExecutionOrderSort (0ms)
			DisableScriptedObjects (0ms)
			BackupInstance (0ms)
			ReleaseScriptingObjects (0ms)
			CreateAndSetChildDomain (1ms)
		EndReloadAssembly (354ms)
			LoadAssemblies (47ms)
			RebuildTransferFunctionScriptingTraits (0ms)
			SetupTypeCache (133ms)
			ReleaseScriptCaches (0ms)
			RebuildScriptCaches (28ms)
			SetupLoadedEditorAssemblies (131ms)
				LogAssemblyErrors (0ms)
				InitializePlatformSupportModulesInManaged (3ms)
				SetLoadedEditorAssemblies (0ms)
				RefreshPlugins (25ms)
				BeforeProcessingInitializeOnLoad (7ms)
				ProcessInitializeOnLoadAttributes (70ms)
				ProcessInitializeOnLoadMethodAttributes (26ms)
				AfterProcessingInitializeOnLoad (0ms)
				EditorAssembliesLoaded (0ms)
			ExecutionOrderSort2 (0ms)
			AwakeInstancesAfterBackupRestoration (0ms)
Platform modules already initialized, skipping
Registering precompiled user dll's ...
Registered in 0.002776 seconds.
Begin MonoManager ReloadAssembly
Native extension for WindowsStandalone target not found
Refreshing native plugins compatible for Editor in 0.26 ms, found 2 plugins.
Preloading 0 native plugins for Editor in 0.00 ms.
Mono: successfully reloaded assembly
- Completed reload, in  0.945 seconds
Domain Reload Profiling:
	ReloadAssembly (945ms)
		BeginReloadAssembly (127ms)
			ExecutionOrderSort (0ms)
			DisableScriptedObjects (4ms)
			BackupInstance (0ms)
			ReleaseScriptingObjects (0ms)
			CreateAndSetChildDomain (17ms)
		EndReloadAssembly (763ms)
			LoadAssemblies (71ms)
			RebuildTransferFunctionScriptingTraits (0ms)
			SetupTypeCache (293ms)
			ReleaseScriptCaches (0ms)
			RebuildScriptCaches (41ms)
			SetupLoadedEditorAssemblies (259ms)
				LogAssemblyErrors (0ms)
				InitializePlatformSupportModulesInManaged (4ms)
				SetLoadedEditorAssemblies (0ms)
				RefreshPlugins (0ms)
				BeforeProcessingInitializeOnLoad (47ms)
				ProcessInitializeOnLoadAttributes (196ms)
				ProcessInitializeOnLoadMethodAttributes (5ms)
				AfterProcessingInitializeOnLoad (6ms)
				EditorAssembliesLoaded (0ms)
			ExecutionOrderSort2 (0ms)
			AwakeInstancesAfterBackupRestoration (6ms)
Platform modules already initialized, skipping
========================================================================
Worker process is ready to serve import requests
Launched and connected shader compiler UnityShaderCompiler.exe after 0.07 seconds
Refreshing native plugins compatible for Editor in 0.37 ms, found 2 plugins.
Preloading 0 native plugins for Editor in 0.00 ms.
Unloading 1424 Unused Serialized files (Serialized files now loaded: 0)
System memory in use before: 67.8 MB.
System memory in use after: 67.8 MB.

Unloading 16 unused Assets to reduce memory usage. Loaded Objects now: 1859.
Total: 2.753300 ms (FindLiveObjects: 0.141100 ms CreateObjectMapping: 0.036400 ms MarkObjects: 2.481400 ms  DeleteObjects: 0.093400 ms)

AssetImportParameters requested are different than current active one (requested -> active):
  custom:framework-win-MediaFoundation: 216162199b28c13a410421893ffa2e32 -> 
  custom:video-decoder-ogg-theora: a1e56fd34408186e4bbccfd4996cb3dc -> 
  custom:container-muxer-webm: aa71ff27fc2769a1b78a27578f13a17b -> 
  custom:container-demuxer-webm: 4f35f7cbe854078d1ac9338744f61a02 -> 
  custom:container-demuxer-ogg: 62fdf1f143b41e24485cea50d1cbac27 -> 
  custom:video-encoder-webm-vp8: eb34c28f22e8b96e1ab97ce403110664 -> 
  custom:video-decoder-webm-vp8: 9c59270c3fd7afecdb556c50c9e8de78 -> 
  custom:audio-decoder-ogg-vorbis: bf7c407c2cedff20999df2af8eb42d56 -> 
  custom:audio-encoder-webm-vorbis: bf7c407c2cedff20999df2af8eb42d56 -> 
========================================================================
Received Import Request.
  path: Assets/Scenes
  artifactKey: Guid(1a34f3ccc1491a74cbade248932a9ddf) Importer(815301076,1909f56bfc062723c751e8b465ee728b)
Start importing Assets/Scenes using Guid(1a34f3ccc1491a74cbade248932a9ddf) Importer(815301076,1909f56bfc062723c751e8b465ee728b)  -> (artifact id: 'cd9c8d7bcb8117c3aa1cb9c6a17a1914') in 0.008898 seconds 
  Import took 0.010821 seconds .

========================================================================
Received Import Request.
  Time since last request: 0.000266 seconds.
  path: Assets/Scenes/SuterExperiments.unity
  artifactKey: Guid(9fc0d4010bbf28b4594072e72b8655ab) Importer(815301076,1909f56bfc062723c751e8b465ee728b)
Start importing Assets/Scenes/SuterExperiments.unity using Guid(9fc0d4010bbf28b4594072e72b8655ab) Importer(815301076,1909f56bfc062723c751e8b465ee728b)  -> (artifact id: 'b6ec672053854428caa7dfa54050da7f') in 0.015883 seconds 
  Import took 0.018101 seconds .

========================================================================
Received Import Request.
  Time since last request: 298.514319 seconds.
  path: Assets/Art/BulletshotDecal.png
  artifactKey: Guid(5c3904164176e1946a142232b72d34bf) Importer(815301076,1909f56bfc062723c751e8b465ee728b)
Start importing Assets/Art/BulletshotDecal.png using Guid(5c3904164176e1946a142232b72d34bf) Importer(815301076,1909f56bfc062723c751e8b465ee728b)  -> (artifact id: '3bd2317bc7fc293015586a4eb41397d9') in 0.415897 seconds 
  Import took 0.419191 seconds .

========================================================================
Received Import Request.
  Time since last request: 0.000374 seconds.
  path: Assets/Art/iosevka-ss14-light.ttf
  artifactKey: Guid(2f7634be89f35c846b5331f15dc6e83b) Importer(815301076,1909f56bfc062723c751e8b465ee728b)
Start importing Assets/Art/iosevka-ss14-light.ttf using Guid(2f7634be89f35c846b5331f15dc6e83b) Importer(815301076,1909f56bfc062723c751e8b465ee728b)  -> (artifact id: '6a1cd7e7d2b0a0a6d442f5e2d5e21f30') in 0.481542 seconds 
  Import took 0.484061 seconds .

========================================================================
Received Import Request.
  Time since last request: 0.000269 seconds.
  path: Assets/Art/crosshair_suter.png
  artifactKey: Guid(1970128ef9c8ba4498b23ffd85f552b2) Importer(815301076,1909f56bfc062723c751e8b465ee728b)
Start importing Assets/Art/crosshair_suter.png using Guid(1970128ef9c8ba4498b23ffd85f552b2) Importer(815301076,1909f56bfc062723c751e8b465ee728b)  -> (artifact id: '8ebe8cf03e0e726922a7f3e37569cf95') in 0.038038 seconds 
  Import took 0.040178 seconds .

========================================================================
Received Import Request.
  Time since last request: 0.000242 seconds.
  path: Assets/Art/iosevka-light-tmp.asset
  artifactKey: Guid(d1376f02a9554654793c1502695b4a1a) Importer(815301076,1909f56bfc062723c751e8b465ee728b)
Start importing Assets/Art/iosevka-light-tmp.asset using Guid(d1376f02a9554654793c1502695b4a1a) Importer(815301076,1909f56bfc062723c751e8b465ee728b)  -> (artifact id: 'd5c131d9f588222f477a679e5fa8ff4b') in 0.097729 seconds 
  Import took 0.100144 seconds .

========================================================================
Received Import Request.
  Time since last request: 0.000299 seconds.
  path: Assets/Art/m4a1_s.obj
  artifactKey: Guid(1db7b8afb39fc694caee70984b778313) Importer(815301076,1909f56bfc062723c751e8b465ee728b)
Start importing Assets/Art/m4a1_s.obj using Guid(1db7b8afb39fc694caee70984b778313) Importer(815301076,1909f56bfc062723c751e8b465ee728b)  -> (artifact id: 'f57f5033138113ba8b16cd0fcd3cc3c9') in 0.308385 seconds 
  Import took 0.310691 seconds .

========================================================================
Received Import Request.
  Time since last request: 0.000248 seconds.
  path: Assets/Art/GunShot.wav
  artifactKey: Guid(c972ac549eec72843b95fa69f562d2de) Importer(815301076,1909f56bfc062723c751e8b465ee728b)
Start importing Assets/Art/GunShot.wav using Guid(c972ac549eec72843b95fa69f562d2de) Importer(815301076,1909f56bfc062723c751e8b465ee728b)  -> (artifact id: '1cec2fa291ff93763f599f01f88875b8') in 0.209724 seconds 
  Import took 0.211699 seconds .

========================================================================
Received Import Request.
  Time since last request: 0.000245 seconds.
  path: Assets/Art/GridTexture.jpg
  artifactKey: Guid(fd9531603e2badb4485e3278b1238af4) Importer(815301076,1909f56bfc062723c751e8b465ee728b)
Start importing Assets/Art/GridTexture.jpg using Guid(fd9531603e2badb4485e3278b1238af4) Importer(815301076,1909f56bfc062723c751e8b465ee728b)  -> (artifact id: 'eed55b2c097a6897446ee0269c965817') in 0.016017 seconds 
  Import took 0.019075 seconds .

========================================================================
Received Import Request.
  Time since last request: 0.000249 seconds.
  path: Assets/Art/M4A1-s.tga
  artifactKey: Guid(de31fe17abb7cde42a340920d2e0beec) Importer(815301076,1909f56bfc062723c751e8b465ee728b)
Start importing Assets/Art/M4A1-s.tga using Guid(de31fe17abb7cde42a340920d2e0beec) Importer(815301076,1909f56bfc062723c751e8b465ee728b)  -> (artifact id: '96891ede9643a44f5ba700e5aa61571b') in 0.035518 seconds 
  Import took 0.037763 seconds .

========================================================================
Received Import Request.
  Time since last request: 0.000248 seconds.
  path: Assets/Art/Crosshair.png
  artifactKey: Guid(c99829c1bcf2e6040b6f5d551e0f2a9c) Importer(815301076,1909f56bfc062723c751e8b465ee728b)
Start importing Assets/Art/Crosshair.png using Guid(c99829c1bcf2e6040b6f5d551e0f2a9c) Importer(815301076,1909f56bfc062723c751e8b465ee728b)  -> (artifact id: '5c996ea508d0992f669cadc8d268a3cf') in 0.047184 seconds 
  Import took 0.049895 seconds .

========================================================================
Received Import Request.
  Time since last request: 33.083374 seconds.
  path: Assets/Scripts/PoolingManager.cs
  artifactKey: Guid(1a46d04ef545f874baa848d02c63a269) Importer(815301076,1909f56bfc062723c751e8b465ee728b)
Start importing Assets/Scripts/PoolingManager.cs using Guid(1a46d04ef545f874baa848d02c63a269) Importer(815301076,1909f56bfc062723c751e8b465ee728b)  -> (artifact id: '8ad8c46e4c5f130eadfceb99bc5f7aee') in 0.011723 seconds 
  Import took 0.014371 seconds .

========================================================================
Received Import Request.
  Time since last request: 2.106319 seconds.
  path: Assets/Scripts/ShootingBehaviours
  artifactKey: Guid(e005b36cb65057546b1cdd4f24e7ed42) Importer(815301076,1909f56bfc062723c751e8b465ee728b)
Start importing Assets/Scripts/ShootingBehaviours using Guid(e005b36cb65057546b1cdd4f24e7ed42) Importer(815301076,1909f56bfc062723c751e8b465ee728b)  -> (artifact id: 'a8ac5af1e671a7820184821bcc8fb965') in 0.008009 seconds 
  Import took 0.010717 seconds .

========================================================================
Received Import Request.
  Time since last request: 6.911228 seconds.
  path: Assets/Scripts/UI
  artifactKey: Guid(ff939b73f77b38944915efdfddd56b60) Importer(815301076,1909f56bfc062723c751e8b465ee728b)
Start importing Assets/Scripts/UI using Guid(ff939b73f77b38944915efdfddd56b60) Importer(815301076,1909f56bfc062723c751e8b465ee728b)  -> (artifact id: '40c8abb985d5fbc6b9389d551e9acfa6') in 0.009147 seconds 
  Import took 0.012481 seconds .

========================================================================
Received Import Request.
  Time since last request: 0.000675 seconds.
  path: Assets/Scripts/UI
  artifactKey: Guid(ff939b73f77b38944915efdfddd56b60) Importer(815301076,1909f56bfc062723c751e8b465ee728b)
Start importing Assets/Scripts/UI using Guid(ff939b73f77b38944915efdfddd56b60) Importer(815301076,1909f56bfc062723c751e8b465ee728b)  -> (artifact id: '40c8abb985d5fbc6b9389d551e9acfa6') in 0.002790 seconds 
  Import took 0.006236 seconds .

========================================================================
Received Import Request.
  Time since last request: 8.362360 seconds.
  path: Assets/Scripts/FirstPersonMovement.cs
  artifactKey: Guid(9ea0cf3c1435e7e41bef840873b52c82) Importer(815301076,1909f56bfc062723c751e8b465ee728b)
Start importing Assets/Scripts/FirstPersonMovement.cs using Guid(9ea0cf3c1435e7e41bef840873b52c82) Importer(815301076,1909f56bfc062723c751e8b465ee728b)  -> (artifact id: 'cc2adb6c2721c9a0f6e60a418b9f5228') in 0.007315 seconds 
  Import took 0.010078 seconds .

========================================================================
Received Import Request.
  Time since last request: 1.941611 seconds.
  path: Assets/Scripts/Crosshair.cs
  artifactKey: Guid(3f24a944af57ddd40b5b100ad9ef569c) Importer(815301076,1909f56bfc062723c751e8b465ee728b)
Start importing Assets/Scripts/Crosshair.cs using Guid(3f24a944af57ddd40b5b100ad9ef569c) Importer(815301076,1909f56bfc062723c751e8b465ee728b)  -> (artifact id: '8ed86a34214e2023a4abba01d5ca8781') in 0.002125 seconds 
  Import took 0.004355 seconds .

========================================================================
Received Import Request.
  Time since last request: 0.007976 seconds.
  path: Assets/Scripts/Crosshair.cs
  artifactKey: Guid(3f24a944af57ddd40b5b100ad9ef569c) Importer(815301076,1909f56bfc062723c751e8b465ee728b)
Start importing Assets/Scripts/Crosshair.cs using Guid(3f24a944af57ddd40b5b100ad9ef569c) Importer(815301076,1909f56bfc062723c751e8b465ee728b)  -> (artifact id: '8ed86a34214e2023a4abba01d5ca8781') in 0.002169 seconds 
  Import took 0.004706 seconds .

========================================================================
Received Import Request.
  Time since last request: 2.142772 seconds.
  path: Assets/Scripts/CameraRotator.cs
  artifactKey: Guid(17d59535118b8e54a877e611c8870aa1) Importer(815301076,1909f56bfc062723c751e8b465ee728b)
Start importing Assets/Scripts/CameraRotator.cs using Guid(17d59535118b8e54a877e611c8870aa1) Importer(815301076,1909f56bfc062723c751e8b465ee728b)  -> (artifact id: '0ef975efca8b0b96577ce38457ffe8b9') in 0.006532 seconds 
  Import took 0.009595 seconds .

========================================================================
Received Import Request.
  Time since last request: 2.446192 seconds.
  path: Assets/Scripts/UnscaledChild.cs
  artifactKey: Guid(12e8cdfac821075488e3edd3479e0c78) Importer(815301076,1909f56bfc062723c751e8b465ee728b)
Start importing Assets/Scripts/UnscaledChild.cs using Guid(12e8cdfac821075488e3edd3479e0c78) Importer(815301076,1909f56bfc062723c751e8b465ee728b)  -> (artifact id: 'c5e99f6267c83e505ae37db628541721') in 0.007771 seconds 
  Import took 0.010483 seconds .

========================================================================
Received Import Request.
  Time since last request: 20.569887 seconds.
  path: Assets/Scripts
  artifactKey: Guid(e6c4e37d61283a44f9caff5a2037b698) Importer(815301076,1909f56bfc062723c751e8b465ee728b)
Start importing Assets/Scripts using Guid(e6c4e37d61283a44f9caff5a2037b698) Importer(815301076,1909f56bfc062723c751e8b465ee728b)  -> (artifact id: 'b4323ce7a8676e483cfd6bdd305ee2a6') in 0.007068 seconds 
  Import took 0.009365 seconds .

========================================================================
Received Import Request.
  Time since last request: 7.162580 seconds.
  path: Assets/Scripts/Pickup.cs
  artifactKey: Guid(712c3389da3ad0741a3bf313a551899d) Importer(815301076,1909f56bfc062723c751e8b465ee728b)
Start importing Assets/Scripts/Pickup.cs using Guid(712c3389da3ad0741a3bf313a551899d) Importer(815301076,1909f56bfc062723c751e8b465ee728b)  -> (artifact id: '51a0e5801e72e782db90ebb8308f547b') in 0.007208 seconds 
  Import took 0.010094 seconds .

========================================================================
Received Prepare
Registering precompiled user dll's ...
Registered in 0.002542 seconds.
Begin MonoManager ReloadAssembly
Native extension for WindowsStandalone target not found
Refreshing native plugins compatible for Editor in 0.27 ms, found 2 plugins.
Preloading 0 native plugins for Editor in 0.00 ms.
Mono: successfully reloaded assembly
- Completed reload, in  0.880 seconds
Domain Reload Profiling:
	ReloadAssembly (881ms)
		BeginReloadAssembly (109ms)
			ExecutionOrderSort (0ms)
			DisableScriptedObjects (4ms)
			BackupInstance (0ms)
			ReleaseScriptingObjects (0ms)
			CreateAndSetChildDomain (39ms)
		EndReloadAssembly (711ms)
			LoadAssemblies (80ms)
			RebuildTransferFunctionScriptingTraits (0ms)
			SetupTypeCache (243ms)
			ReleaseScriptCaches (1ms)
			RebuildScriptCaches (40ms)
			SetupLoadedEditorAssemblies (254ms)
				LogAssemblyErrors (0ms)
				InitializePlatformSupportModulesInManaged (5ms)
				SetLoadedEditorAssemblies (0ms)
				RefreshPlugins (0ms)
				BeforeProcessingInitializeOnLoad (41ms)
				ProcessInitializeOnLoadAttributes (197ms)
				ProcessInitializeOnLoadMethodAttributes (3ms)
				AfterProcessingInitializeOnLoad (7ms)
				EditorAssembliesLoaded (0ms)
			ExecutionOrderSort2 (0ms)
			AwakeInstancesAfterBackupRestoration (6ms)
Platform modules already initialized, skipping
Refreshing native plugins compatible for Editor in 0.29 ms, found 2 plugins.
Preloading 0 native plugins for Editor in 0.00 ms.
Unloading 1406 Unused Serialized files (Serialized files now loaded: 0)
System memory in use before: 70.0 MB.
System memory in use after: 70.1 MB.

Unloading 11 unused Assets to reduce memory usage. Loaded Objects now: 1917.
Total: 2.634600 ms (FindLiveObjects: 0.156400 ms CreateObjectMapping: 0.043700 ms MarkObjects: 2.419300 ms  DeleteObjects: 0.014300 ms)

AssetImportParameters requested are different than current active one (requested -> active):
  custom:framework-win-MediaFoundation: 216162199b28c13a410421893ffa2e32 -> 
  custom:video-decoder-ogg-theora: a1e56fd34408186e4bbccfd4996cb3dc -> 
  custom:container-muxer-webm: aa71ff27fc2769a1b78a27578f13a17b -> 
  custom:container-demuxer-webm: 4f35f7cbe854078d1ac9338744f61a02 -> 
  custom:container-demuxer-ogg: 62fdf1f143b41e24485cea50d1cbac27 -> 
  custom:video-encoder-webm-vp8: eb34c28f22e8b96e1ab97ce403110664 -> 
  custom:video-decoder-webm-vp8: 9c59270c3fd7afecdb556c50c9e8de78 -> 
  custom:audio-decoder-ogg-vorbis: bf7c407c2cedff20999df2af8eb42d56 -> 
  custom:audio-encoder-webm-vorbis: bf7c407c2cedff20999df2af8eb42d56 -> 
AssetImportWorkerClient::OnTransportError - code=2 error=End of file
